My 2nd log message
----------------------------------
Name:  Top Senate Republican doubts damage from defense cuts 
-------------- IDs -------------
speedreading id: 16 
article id: 4 
questions id: 1 
answers id: 1 
answers id: 2 
answers id: 3 
answers id: 4 
questions id: 2 
answers id: 5 
answers id: 6 
answers id: 7 
answers id: 8 
questions id: 3 
answers id: 9 
answers id: 10 
answers id: 11 
answers id: 12 
questions id: 4 
answers id: 13 
answers id: 14 
answers id: 15 
answers id: 16 
questions id: 5 
answers id: 17 
answers id: 18 
answers id: 19 
answers id: 20 
questions id: 6 
answers id: 21 
answers id: 22 
answers id: 23 
answers id: 24 
questions id: 7 
answers id: 25 
answers id: 26 
answers id: 27 
answers id: 28 
questions id: 8 
answers id: 29 
answers id: 30 
answers id: 31 
answers id: 32 
questions id: 9 
answers id: 33 
answers id: 34 
answers id: 35 
answers id: 36 
questions id: 10 
answers id: 37 
answers id: 38 
answers id: 39 
answers id: 40 
My 2nd log message
My 2nd log message
My 2nd log message
----------------------------------
Name:  Life in the South Pacific Islands
-------------- IDs -------------
speedreading id: 17 
article id: 5 
questions id: 11 
answers id: 41 
answers id: 42 
answers id: 43 
answers id: 44 
questions id: 12 
answers id: 45 
answers id: 46 
answers id: 47 
answers id: 48 
questions id: 13 
answers id: 49 
answers id: 50 
answers id: 51 
answers id: 52 
questions id: 14 
answers id: 53 
answers id: 54 
answers id: 55 
answers id: 56 
questions id: 15 
answers id: 57 
answers id: 58 
answers id: 59 
answers id: 60 
questions id: 16 
answers id: 61 
answers id: 62 
answers id: 63 
answers id: 64 
questions id: 17 
answers id: 65 
answers id: 66 
answers id: 67 
answers id: 68 
questions id: 18 
answers id: 69 
answers id: 70 
answers id: 71 
answers id: 72 
questions id: 19 
answers id: 73 
answers id: 74 
answers id: 75 
answers id: 76 
questions id: 20 
answers id: 77 
answers id: 78 
answers id: 79 
answers id: 80 
My 2nd log message
My 2nd log message
